
New trap received: Sun Jun  5 23:38:41 2016 for 
Host: localhost
IP: UDP: [127.0.0.1]:59985->[127.0.0.1]:50162
iso.3.6.1.2.1.1.3.0 0:7:05:56.14
iso.3.6.1.6.3.1.1.4.1.0 iso.3.6.1.4.1.41717.10.0.247
iso.3.6.1.4.1.41717.10.1 ""
iso.3.6.1.4.1.41717.10.2 1
iso.3.6.1.6.3.18.1.3.0 10.2.3.4
iso.3.6.1.6.3.18.1.4.0 "public"
iso.3.6.1.6.3.1.1.4.3.0 iso.3.6.1.4.1.41717.10

---------------------------------------------------

-------------------NEW INSERTION-------------------

---------------------------------------------------

New trap received: Sun Jun  5 23:43:04 2016 for 
Host: localhost
IP: UDP: [127.0.0.1]:60631->[127.0.0.1]:50162
iso.3.6.1.2.1.1.3.0 0:7:10:19.83
iso.3.6.1.6.3.1.1.4.1.0 iso.3.6.1.4.1.41717.10.0.247
iso.3.6.1.4.1.41717.10.1 ""
iso.3.6.1.4.1.41717.10.2 1
iso.3.6.1.6.3.18.1.3.0 10.2.3.4
iso.3.6.1.6.3.18.1.4.0 "public"
iso.3.6.1.6.3.1.1.4.3.0 iso.3.6.1.4.1.41717.10

---------------------------------------------------

-------------------NEW INSERTION-------------------

---------------------------------------------------

New trap received: Sun Jun  5 23:43:11 2016 for 
Host: localhost
IP: UDP: [127.0.0.1]:49059->[127.0.0.1]:50162
iso.3.6.1.2.1.1.3.0 0:7:10:26.79
iso.3.6.1.6.3.1.1.4.1.0 iso.3.6.1.4.1.41717.10.0.247
iso.3.6.1.4.1.41717.10.1 ""
iso.3.6.1.4.1.41717.10.2 1
iso.3.6.1.6.3.18.1.3.0 10.2.3.4
iso.3.6.1.6.3.18.1.4.0 "public"
iso.3.6.1.6.3.1.1.4.3.0 iso.3.6.1.4.1.41717.10

---------------------------------------------------

-------------------NEW INSERTION-------------------

---------------------------------------------------

New trap received: Sun Jun  5 23:43:33 2016 for 
Host: localhost
IP: UDP: [127.0.0.1]:60507->[127.0.0.1]:50162
iso.3.6.1.2.1.1.3.0 0:7:10:49.02
iso.3.6.1.6.3.1.1.4.1.0 iso.3.6.1.4.1.41717.10.0.247
iso.3.6.1.4.1.41717.10.1 ""
iso.3.6.1.4.1.41717.10.2 1
iso.3.6.1.6.3.18.1.3.0 10.2.3.4
iso.3.6.1.6.3.18.1.4.0 "public"
iso.3.6.1.6.3.1.1.4.3.0 iso.3.6.1.4.1.41717.10

---------------------------------------------------

-------------------NEW INSERTION-------------------

---------------------------------------------------

New trap received: Sun Jun  5 23:43:55 2016 for 
Host: localhost
IP: UDP: [127.0.0.1]:48381->[127.0.0.1]:50162
iso.3.6.1.2.1.1.3.0 0:7:11:10.52
iso.3.6.1.6.3.1.1.4.1.0 iso.3.6.1.4.1.41717.10.0.247
iso.3.6.1.4.1.41717.10.1 ""
iso.3.6.1.4.1.41717.10.2 1
iso.3.6.1.6.3.18.1.3.0 10.2.3.4
iso.3.6.1.6.3.18.1.4.0 "public"
iso.3.6.1.6.3.1.1.4.3.0 iso.3.6.1.4.1.41717.10

---------------------------------------------------

-------------------NEW INSERTION-------------------

---------------------------------------------------

New trap received: Sun Jun  5 23:44:08 2016 for 
Host: localhost
IP: UDP: [127.0.0.1]:52067->[127.0.0.1]:50162
iso.3.6.1.2.1.1.3.0 0:7:11:23.15
iso.3.6.1.6.3.1.1.4.1.0 iso.3.6.1.4.1.41717.10.0.247
iso.3.6.1.4.1.41717.10.1 ""
iso.3.6.1.4.1.41717.10.2 1
iso.3.6.1.6.3.18.1.3.0 10.2.3.4
iso.3.6.1.6.3.18.1.4.0 "public"
iso.3.6.1.6.3.1.1.4.3.0 iso.3.6.1.4.1.41717.10

---------------------------------------------------

-------------------NEW INSERTION-------------------

---------------------------------------------------

New trap received: Sun Jun  5 23:45:05 2016 for 
Host: localhost
IP: UDP: [127.0.0.1]:40960->[127.0.0.1]:50162
iso.3.6.1.2.1.1.3.0 0:7:12:20.18
iso.3.6.1.6.3.1.1.4.1.0 iso.3.6.1.4.1.41717.10.0.247
iso.3.6.1.4.1.41717.10.1 ""
iso.3.6.1.4.1.41717.10.2 1
iso.3.6.1.6.3.18.1.3.0 10.2.3.4
iso.3.6.1.6.3.18.1.4.0 "public"
iso.3.6.1.6.3.1.1.4.3.0 iso.3.6.1.4.1.41717.10

---------------------------------------------------

-------------------NEW INSERTION-------------------

---------------------------------------------------

New trap received: Sun Jun  5 23:45:45 2016 for 
Host: localhost
IP: UDP: [127.0.0.1]:36193->[127.0.0.1]:50162
iso.3.6.1.2.1.1.3.0 0:7:13:00.42
iso.3.6.1.6.3.1.1.4.1.0 iso.3.6.1.4.1.41717.10.0.247
iso.3.6.1.4.1.41717.10.1 ""
iso.3.6.1.4.1.41717.10.2 1
iso.3.6.1.6.3.18.1.3.0 10.2.3.4
iso.3.6.1.6.3.18.1.4.0 "public"
iso.3.6.1.6.3.1.1.4.3.0 iso.3.6.1.4.1.41717.10

---------------------------------------------------

-------------------NEW INSERTION-------------------

---------------------------------------------------

New trap received: Sun Jun  5 23:51:23 2016 for 
Host: <UNKNOWN>
IP: UDP: [192.168.186.163]:43344->[192.168.186.163]:50162
iso.3.6.1.2.1.1.3.0 0:7:18:38.36
iso.3.6.1.6.3.1.1.4.1.0 iso.3.6.1.4.1.41717.10.0.247
iso.3.6.1.4.1.41717.10.1 "apple"
iso.3.6.1.4.1.41717.10.2 3

The ip and status are apple and FAIL-3 
New Trap Inserted: apple,FAIL,1465163483
iso.3.6.1.6.3.18.1.3.0 192.168.186.163
iso.3.6.1.6.3.18.1.4.0 "public"
iso.3.6.1.6.3.1.1.4.3.0 iso.3.6.1.4.1.41717.10
sending FAIL trap

---------------------------------------------------

-------------------NEW INSERTION-------------------

---------------------------------------------------

New trap received: Sun Jun  5 23:51:56 2016 for 
Host: <UNKNOWN>
IP: UDP: [192.168.186.163]:60473->[192.168.186.163]:50162
iso.3.6.1.2.1.1.3.0 0:7:19:11.85
iso.3.6.1.6.3.1.1.4.1.0 iso.3.6.1.4.1.41717.10.0.247
iso.3.6.1.4.1.41717.10.1 "sasi"
iso.3.6.1.4.1.41717.10.2 3

The ip and status are sasi and FAIL-3 
New Trap Inserted: sasi,FAIL,1465163516
iso.3.6.1.6.3.18.1.3.0 192.168.186.163
iso.3.6.1.6.3.18.1.4.0 "public"
iso.3.6.1.6.3.1.1.4.3.0 iso.3.6.1.4.1.41717.10
sending FAIL trap

---------------------------------------------------

-------------------NEW INSERTION-------------------

---------------------------------------------------

New trap received: Sun Jun  5 23:52:32 2016 for 
Host: <UNKNOWN>
IP: UDP: [192.168.186.163]:43283->[192.168.186.163]:50162
iso.3.6.1.2.1.1.3.0 0:7:19:48.09
iso.3.6.1.6.3.1.1.4.1.0 iso.3.6.1.4.1.41717.10.0.247
iso.3.6.1.4.1.41717.10.1 "sasi4"
iso.3.6.1.4.1.41717.10.2 2

The ip and status are sasi4 and DANGER-2 
New Trap Inserted: sasi4,DANGER,1465163552
iso.3.6.1.6.3.18.1.3.0 192.168.186.163
iso.3.6.1.6.3.18.1.4.0 "public"
iso.3.6.1.6.3.1.1.4.3.0 iso.3.6.1.4.1.41717.10

---------------------------------------------------

-------------------NEW INSERTION-------------------

---------------------------------------------------

New trap received: Sun Jun  5 23:53:11 2016 for 
Host: <UNKNOWN>
IP: UDP: [192.168.186.163]:40836->[192.168.186.163]:50162
iso.3.6.1.2.1.1.3.0 0:7:20:26.34
iso.3.6.1.6.3.1.1.4.1.0 iso.3.6.1.4.1.41717.10.0.247
iso.3.6.1.4.1.41717.10.1 "sasi4"
iso.3.6.1.4.1.41717.10.2 0

The ip and status are sasi4 and OK-0 
Existing Trap 
 Previous status:DANGER
 Previous time:1465163552
 Current status:OK
 Current time:1465163591
iso.3.6.1.6.3.18.1.3.0 192.168.186.163
iso.3.6.1.6.3.18.1.4.0 "public"
iso.3.6.1.6.3.1.1.4.3.0 iso.3.6.1.4.1.41717.10

---------------------------------------------------

-------------------NEW INSERTION-------------------

---------------------------------------------------

New trap received: Sun Jun  5 23:53:33 2016 for 
Host: <UNKNOWN>
IP: UDP: [192.168.186.163]:45776->[192.168.186.163]:50162
iso.3.6.1.2.1.1.3.0 0:7:20:48.21
iso.3.6.1.6.3.1.1.4.1.0 iso.3.6.1.4.1.41717.10.0.247
iso.3.6.1.4.1.41717.10.1 "sasi"
iso.3.6.1.4.1.41717.10.2 1

The ip and status are sasi and PROBLEM-1 
Existing Trap 
 Previous status:FAIL
 Previous time:1465163516
 Current status:PROBLEM
 Current time:1465163613
iso.3.6.1.6.3.18.1.3.0 192.168.186.163
iso.3.6.1.6.3.18.1.4.0 "public"
iso.3.6.1.6.3.1.1.4.3.0 iso.3.6.1.4.1.41717.10

---------------------------------------------------

-------------------NEW INSERTION-------------------

---------------------------------------------------

New trap received: Sun Jun  5 23:54:03 2016 for 
Host: <UNKNOWN>
IP: UDP: [192.168.186.163]:49807->[192.168.186.163]:50162
iso.3.6.1.2.1.1.3.0 0:7:21:18.64
iso.3.6.1.6.3.1.1.4.1.0 iso.3.6.1.4.1.41717.10.0.247
iso.3.6.1.4.1.41717.10.1 "sasi"
iso.3.6.1.4.1.41717.10.2 1

The ip and status are sasi and PROBLEM-1 
Existing Trap 
 Previous status:PROBLEM
 Previous time:1465163613
 Current status:PROBLEM
 Current time:1465163643
iso.3.6.1.6.3.18.1.3.0 192.168.186.163
iso.3.6.1.6.3.18.1.4.0 "public"
iso.3.6.1.6.3.1.1.4.3.0 iso.3.6.1.4.1.41717.10

---------------------------------------------------

-------------------NEW INSERTION-------------------

---------------------------------------------------

New trap received: Sun Jun  5 23:54:28 2016 for 
Host: <UNKNOWN>
IP: UDP: [192.168.186.163]:34450->[192.168.186.163]:50162
iso.3.6.1.2.1.1.3.0 0:7:21:43.62
iso.3.6.1.6.3.1.1.4.1.0 iso.3.6.1.4.1.41717.10.0.247
iso.3.6.1.4.1.41717.10.1 "sasi4"
iso.3.6.1.4.1.41717.10.2 1

The ip and status are sasi4 and PROBLEM-1 
Existing Trap 
 Previous status:OK
 Previous time:1465163591
 Current status:PROBLEM
 Current time:1465163668
iso.3.6.1.6.3.18.1.3.0 192.168.186.163
iso.3.6.1.6.3.18.1.4.0 "public"
iso.3.6.1.6.3.1.1.4.3.0 iso.3.6.1.4.1.41717.10

---------------------------------------------------

-------------------NEW INSERTION-------------------

---------------------------------------------------

New trap received: Mon Jun  6 10:56:52 2016 for 
Host: host-193-11-187-33.eduroam.bth.se
IP: UDP: [193.11.187.33]:35616->[193.11.187.33]:50162
iso.3.6.1.2.1.1.3.0 0:1:31:01.26
iso.3.6.1.6.3.1.1.4.1.0 iso.3.6.1.4.1.41717.10.0.247
iso.3.6.1.4.1.41717.10.1 "sasi4"
iso.3.6.1.4.1.41717.10.2 3

The ip and status are sasi4 and FAIL-3 
New Trap Inserted: sasi4,FAIL,1465203412
iso.3.6.1.6.3.18.1.3.0 193.11.187.33
iso.3.6.1.6.3.18.1.4.0 "public"
iso.3.6.1.6.3.1.1.4.3.0 iso.3.6.1.4.1.41717.10
sending FAIL trap

New trap received: Mon Jun  6 10:57:02 2016 for 
Host: host-193-11-187-33.eduroam.bth.se
IP: UDP: [193.11.187.33]:60019->[193.11.187.33]:50162
iso.3.6.1.2.1.1.3.0 0:1:31:11.36
iso.3.6.1.6.3.1.1.4.1.0 iso.3.6.1.4.1.41717.10.0.247
iso.3.6.1.4.1.41717.10.1 "sasi4"
iso.3.6.1.4.1.41717.10.2 3

The ip and status are sasi4 and FAIL-3 
Existing Trap 
 Previous status:FAIL
 Previous time:1465203412
 Current status:FAIL
 Current time:1465203422
iso.3.6.1.6.3.18.1.3.0 193.11.187.33
iso.3.6.1.6.3.18.1.4.0 "public"
iso.3.6.1.6.3.1.1.4.3.0 iso.3.6.1.4.1.41717.10
sending FAIL trap

New trap received: Mon Jun  6 10:57:53 2016 for 
Host: host-193-11-187-33.eduroam.bth.se
IP: UDP: [193.11.187.33]:46643->[193.11.187.33]:50162
iso.3.6.1.2.1.1.3.0 0:1:32:02.55
iso.3.6.1.6.3.1.1.4.1.0 iso.3.6.1.4.1.41717.10.0.247
iso.3.6.1.4.1.41717.10.1 "sasi"
iso.3.6.1.4.1.41717.10.2 3

The ip and status are sasi and FAIL-3 
New Trap Inserted: sasi,FAIL,1465203473
iso.3.6.1.6.3.18.1.3.0 193.11.187.33
iso.3.6.1.6.3.18.1.4.0 "public"
iso.3.6.1.6.3.1.1.4.3.0 iso.3.6.1.4.1.41717.10
sending FAIL trap

---------------------------------------------------

-------------------NEW INSERTION-------------------

---------------------------------------------------

New trap received: Mon Jun  6 10:58:32 2016 for 
Host: host-193-11-187-33.eduroam.bth.se
IP: UDP: [193.11.187.33]:36195->[193.11.187.33]:50162
iso.3.6.1.2.1.1.3.0 0:1:32:41.61
iso.3.6.1.6.3.1.1.4.1.0 iso.3.6.1.4.1.41717.10.0.247
iso.3.6.1.4.1.41717.10.1 "sasi"
iso.3.6.1.4.1.41717.10.2 3

The ip and status are sasi and FAIL-3 
Existing Trap 
 Previous status:FAIL
 Previous time:1465203473
 Current status:FAIL
 Current time:1465203512
iso.3.6.1.6.3.18.1.3.0 193.11.187.33
iso.3.6.1.6.3.18.1.4.0 "public"
iso.3.6.1.6.3.1.1.4.3.0 iso.3.6.1.4.1.41717.10
sending FAIL trap

---------------------------------------------------

-------------------NEW INSERTION-------------------

---------------------------------------------------

New trap received: Mon Jun  6 10:59:36 2016 for 
Host: host-193-11-187-33.eduroam.bth.se
IP: UDP: [193.11.187.33]:56463->[193.11.187.33]:50162
iso.3.6.1.2.1.1.3.0 0:1:33:43.49
iso.3.6.1.6.3.1.1.4.1.0 iso.3.6.1.4.1.41717.10.0.247
iso.3.6.1.4.1.41717.10.1 "sasi"
iso.3.6.1.4.1.41717.10.2 3

The ip and status are sasi and FAIL-3 
Existing Trap 
 Previous status:FAIL
 Previous time:1465203512
 Current status:FAIL
 Current time:1465203576
iso.3.6.1.6.3.18.1.3.0 193.11.187.33
iso.3.6.1.6.3.18.1.4.0 "public"
iso.3.6.1.6.3.1.1.4.3.0 iso.3.6.1.4.1.41717.10
sending FAIL trap

---------------------------------------------------

-------------------NEW INSERTION-------------------

---------------------------------------------------

New trap received: Mon Jun  6 11:00:12 2016 for 
Host: host-193-11-187-33.eduroam.bth.se
IP: UDP: [193.11.187.33]:46912->[193.11.187.33]:50162
iso.3.6.1.2.1.1.3.0 0:1:34:21.12
iso.3.6.1.6.3.1.1.4.1.0 iso.3.6.1.4.1.41717.10.0.247
iso.3.6.1.4.1.41717.10.1 "sasi"
iso.3.6.1.4.1.41717.10.2 2

The ip and status are sasi and DANGER-2 
Existing Trap 
 Previous status:FAIL
 Previous time:1465203576
 Current status:DANGER
 Current time:1465203612
iso.3.6.1.6.3.18.1.3.0 193.11.187.33
iso.3.6.1.6.3.18.1.4.0 "public"
iso.3.6.1.6.3.1.1.4.3.0 iso.3.6.1.4.1.41717.10

---------------------------------------------------

-------------------NEW INSERTION-------------------

---------------------------------------------------

New trap received: Mon Jun  6 11:01:12 2016 for 
Host: host-193-11-187-33.eduroam.bth.se
IP: UDP: [193.11.187.33]:44086->[193.11.187.33]:50162
iso.3.6.1.2.1.1.3.0 0:1:35:21.19
iso.3.6.1.6.3.1.1.4.1.0 iso.3.6.1.4.1.41717.10.0.247
iso.3.6.1.4.1.41717.10.1 "sasi"
iso.3.6.1.4.1.41717.10.2 2

The ip and status are sasi and DANGER-2 
Existing Trap 
 Previous status:DANGER
 Previous time:1465203612
 Current status:DANGER
 Current time:1465203672
iso.3.6.1.6.3.18.1.3.0 193.11.187.33
iso.3.6.1.6.3.18.1.4.0 "public"
iso.3.6.1.6.3.1.1.4.3.0 iso.3.6.1.4.1.41717.10

---------------------------------------------------

-------------------NEW INSERTION-------------------

---------------------------------------------------

New trap received: Mon Jun  6 11:01:33 2016 for 
Host: host-193-11-187-33.eduroam.bth.se
IP: UDP: [193.11.187.33]:58313->[193.11.187.33]:50162
iso.3.6.1.2.1.1.3.0 0:1:35:39.58
iso.3.6.1.6.3.1.1.4.1.0 iso.3.6.1.4.1.41717.10.0.247
iso.3.6.1.4.1.41717.10.1 "sasi"
iso.3.6.1.4.1.41717.10.2 2

The ip and status are sasi and DANGER-2 
Existing Trap 
 Previous status:DANGER
 Previous time:1465203672
 Current status:DANGER
 Current time:1465203693
iso.3.6.1.6.3.18.1.3.0 193.11.187.33
iso.3.6.1.6.3.18.1.4.0 "public"
iso.3.6.1.6.3.1.1.4.3.0 iso.3.6.1.4.1.41717.10

---------------------------------------------------

-------------------NEW INSERTION-------------------

---------------------------------------------------

New trap received: Mon Jun  6 11:02:06 2016 for 
Host: host-193-11-187-33.eduroam.bth.se
IP: UDP: [193.11.187.33]:47600->[193.11.187.33]:50162
iso.3.6.1.2.1.1.3.0 0:1:36:15.25
iso.3.6.1.6.3.1.1.4.1.0 iso.3.6.1.4.1.41717.10.0.247
iso.3.6.1.4.1.41717.10.1 "sas"
iso.3.6.1.4.1.41717.10.2 2

The ip and status are sas and DANGER-2 
New Trap Inserted: sas,DANGER,1465203726
iso.3.6.1.6.3.18.1.3.0 193.11.187.33
iso.3.6.1.6.3.18.1.4.0 "public"
iso.3.6.1.6.3.1.1.4.3.0 iso.3.6.1.4.1.41717.10
sending DANGER trap

---------------------------------------------------

-------------------NEW INSERTION-------------------

---------------------------------------------------

New trap received: Mon Jun  6 11:02:47 2016 for 
Host: host-193-11-187-33.eduroam.bth.se
IP: UDP: [193.11.187.33]:33560->[193.11.187.33]:50162
iso.3.6.1.2.1.1.3.0 0:1:36:46.65
iso.3.6.1.6.3.1.1.4.1.0 iso.3.6.1.4.1.41717.10.0.247
iso.3.6.1.4.1.41717.10.1 "sa"
iso.3.6.1.4.1.41717.10.2 2

The ip and status are sa and DANGER-2 
New Trap Inserted: sa,DANGER,1465203767
iso.3.6.1.6.3.18.1.3.0 193.11.187.33
iso.3.6.1.6.3.18.1.4.0 "public"
iso.3.6.1.6.3.1.1.4.3.0 iso.3.6.1.4.1.41717.10
sending DANGER trap

---------------------------------------------------

-------------------NEW INSERTION-------------------

---------------------------------------------------

New trap received: Mon Jun  6 14:36:23 2016 for 
Host: <UNKNOWN>
IP: UDP: [10.1.0.154]:33180->[10.1.0.154]:50162
iso.3.6.1.2.1.1.3.0 0:1:28:01.44
iso.3.6.1.6.3.1.1.4.1.0 iso.3.6.1.4.1.41717.10.0.247
iso.3.6.1.4.1.41717.10.1 "sasi"
iso.3.6.1.4.1.41717.10.2 4
iso.3.6.1.6.3.18.1.3.0 10.1.0.154
iso.3.6.1.6.3.18.1.4.0 "public"
iso.3.6.1.6.3.1.1.4.3.0 iso.3.6.1.4.1.41717.10

New trap received: Mon Jun  6 14:37:08 2016 for 
Host: <UNKNOWN>
IP: UDP: [10.1.0.154]:48436->[10.1.0.154]:50162
iso.3.6.1.2.1.1.3.0 0:1:28:46.85
iso.3.6.1.6.3.1.1.4.1.0 iso.3.6.1.4.1.41717.10.0.247
iso.3.6.1.4.1.41717.10.1 "sasi"
iso.3.6.1.4.1.41717.10.2 3

The ip and status are sasi and FAIL-3 
New Trap Inserted: sasi,FAIL,1465216628
iso.3.6.1.6.3.18.1.3.0 10.1.0.154
iso.3.6.1.6.3.18.1.4.0 "public"
iso.3.6.1.6.3.1.1.4.3.0 iso.3.6.1.4.1.41717.10
sending FAIL trap

---------------------------------------------------

-------------------NEW INSERTION-------------------

---------------------------------------------------

New trap received: Mon Jun  6 14:38:08 2016 for 
Host: <UNKNOWN>
IP: UDP: [10.1.0.154]:40309->[10.1.0.154]:50162
iso.3.6.1.2.1.1.3.0 0:1:29:46.30
iso.3.6.1.6.3.1.1.4.1.0 iso.3.6.1.4.1.41717.10.0.247
iso.3.6.1.4.1.41717.10.1 "sasi1"
iso.3.6.1.4.1.41717.10.2 3

The ip and status are sasi1 and FAIL-3 
New Trap Inserted: sasi1,FAIL,1465216688
iso.3.6.1.6.3.18.1.3.0 10.1.0.154
iso.3.6.1.6.3.18.1.4.0 "public"
iso.3.6.1.6.3.1.1.4.3.0 iso.3.6.1.4.1.41717.10
sending FAIL trap

---------------------------------------------------

-------------------NEW INSERTION-------------------

---------------------------------------------------

New trap received: Tue Jun  7 17:15:14 2016 for 
Host: host-193-11-187-33.eduroam.bth.se
IP: UDP: [193.11.187.33]:42719->[193.11.187.33]:50162
iso.3.6.1.2.1.1.3.0 0:0:07:43.74
iso.3.6.1.6.3.1.1.4.1.0 iso.3.6.1.4.1.41717.10.0.247
iso.3.6.1.4.1.41717.10.1 "apple"
iso.3.6.1.4.1.41717.10.2 0

The ip and status are apple and OK-0 
New Trap Inserted: apple,OK,1465312514
iso.3.6.1.6.3.18.1.3.0 193.11.185.34
iso.3.6.1.6.3.18.1.4.0 "public"
iso.3.6.1.6.3.1.1.4.3.0 iso.3.6.1.4.1.41717.10

---------------------------------------------------

-------------------NEW INSERTION-------------------

---------------------------------------------------

New trap received: Tue Jun  7 17:15:31 2016 for 
Host: host-193-11-187-33.eduroam.bth.se
IP: UDP: [193.11.187.33]:50265->[193.11.187.33]:50162
iso.3.6.1.2.1.1.3.0 0:0:08:01.71
iso.3.6.1.6.3.1.1.4.1.0 iso.3.6.1.4.1.41717.10.0.247
iso.3.6.1.4.1.41717.10.1 "orange"
iso.3.6.1.4.1.41717.10.2 0

The ip and status are orange and OK-0 
New Trap Inserted: orange,OK,1465312531
iso.3.6.1.6.3.18.1.3.0 193.11.185.34
iso.3.6.1.6.3.18.1.4.0 "public"
iso.3.6.1.6.3.1.1.4.3.0 iso.3.6.1.4.1.41717.10

---------------------------------------------------

-------------------NEW INSERTION-------------------

---------------------------------------------------

New trap received: Tue Jun  7 17:15:40 2016 for 
Host: host-193-11-187-33.eduroam.bth.se
IP: UDP: [193.11.187.33]:56330->[193.11.187.33]:50162
iso.3.6.1.2.1.1.3.0 0:0:08:11.03
iso.3.6.1.6.3.1.1.4.1.0 iso.3.6.1.4.1.41717.10.0.247
iso.3.6.1.4.1.41717.10.1 "pine"
iso.3.6.1.4.1.41717.10.2 3

The ip and status are pine and FAIL-3 
New Trap Inserted: pine,FAIL,1465312540
iso.3.6.1.6.3.18.1.3.0 193.11.185.34
iso.3.6.1.6.3.18.1.4.0 "public"
iso.3.6.1.6.3.1.1.4.3.0 iso.3.6.1.4.1.41717.10
sending FAIL trap

---------------------------------------------------

-------------------NEW INSERTION-------------------

---------------------------------------------------

New trap received: Tue Jun  7 17:18:54 2016 for 
Host: host-193-11-187-33.eduroam.bth.se
IP: UDP: [193.11.187.33]:38088->[193.11.187.33]:50162
iso.3.6.1.2.1.1.3.0 0:0:11:25.09
iso.3.6.1.6.3.1.1.4.1.0 iso.3.6.1.4.1.41717.10.0.247
iso.3.6.1.4.1.41717.10.1 "apple"
iso.3.6.1.4.1.41717.10.2 2

The ip and status are apple and DANGER-2 
Existing Trap 
 Previous status:OK
 Previous time:1465312514
 Current status:DANGER
 Current time:1465312734
iso.3.6.1.6.3.18.1.3.0 193.11.185.34
iso.3.6.1.6.3.18.1.4.0 "public"
iso.3.6.1.6.3.1.1.4.3.0 iso.3.6.1.4.1.41717.10

---------------------------------------------------

-------------------NEW INSERTION-------------------

---------------------------------------------------

New trap received: Tue Jun  7 17:19:14 2016 for 
Host: host-193-11-187-33.eduroam.bth.se
IP: UDP: [193.11.187.33]:37944->[193.11.187.33]:50162
iso.3.6.1.2.1.1.3.0 0:0:11:44.72
iso.3.6.1.6.3.1.1.4.1.0 iso.3.6.1.4.1.41717.10.0.247
iso.3.6.1.4.1.41717.10.1 "orange"
iso.3.6.1.4.1.41717.10.2 2

The ip and status are orange and DANGER-2 
Existing Trap 
 Previous status:OK
 Previous time:1465312531
 Current status:DANGER
 Current time:1465312754
iso.3.6.1.6.3.18.1.3.0 193.11.185.34
iso.3.6.1.6.3.18.1.4.0 "public"
iso.3.6.1.6.3.1.1.4.3.0 iso.3.6.1.4.1.41717.10
sending DANGER trap

---------------------------------------------------

-------------------NEW INSERTION-------------------

---------------------------------------------------

New trap received: Wed Jun  8 10:25:45 2016 for 
Host: <UNKNOWN>
IP: UDP: [10.1.0.154]:58958->[10.1.0.154]:50162
iso.3.6.1.2.1.1.3.0 0:1:28:58.07
iso.3.6.1.6.3.1.1.4.1.0 iso.3.6.1.4.1.41717.10.0.247
iso.3.6.1.4.1.41717.10.1 "orange"
iso.3.6.1.4.1.41717.10.2 0

The ip and status are orange and OK-0 
New Trap Inserted: orange,OK,1465374345
iso.3.6.1.6.3.18.1.3.0 10.1.0.124
iso.3.6.1.6.3.18.1.4.0 "public"
iso.3.6.1.6.3.1.1.4.3.0 iso.3.6.1.4.1.41717.10

---------------------------------------------------

-------------------NEW INSERTION-------------------

---------------------------------------------------

New trap received: Wed Jun  8 10:26:46 2016 for 
Host: <UNKNOWN>
IP: UDP: [10.1.0.154]:40291->[10.1.0.154]:50162
iso.3.6.1.2.1.1.3.0 0:1:29:59.77
iso.3.6.1.6.3.1.1.4.1.0 iso.3.6.1.4.1.41717.10.0.247
iso.3.6.1.4.1.41717.10.1 "apple"
iso.3.6.1.4.1.41717.10.2 2

The ip and status are apple and DANGER-2 
New Trap Inserted: apple,DANGER,1465374406
iso.3.6.1.6.3.18.1.3.0 10.1.0.124
iso.3.6.1.6.3.18.1.4.0 "public"
iso.3.6.1.6.3.1.1.4.3.0 iso.3.6.1.4.1.41717.10

---------------------------------------------------

-------------------NEW INSERTION-------------------

---------------------------------------------------

New trap received: Wed Jun  8 10:27:15 2016 for 
Host: <UNKNOWN>
IP: UDP: [10.1.0.154]:56423->[10.1.0.154]:50162
iso.3.6.1.2.1.1.3.0 0:1:30:28.69
iso.3.6.1.6.3.1.1.4.1.0 iso.3.6.1.4.1.41717.10.0.247
iso.3.6.1.4.1.41717.10.1 "apple"
iso.3.6.1.4.1.41717.10.2 0

The ip and status are apple and OK-0 
Existing Trap 
 Previous status:DANGER
 Previous time:1465374406
 Current status:OK
 Current time:1465374435
iso.3.6.1.6.3.18.1.3.0 10.1.0.124
iso.3.6.1.6.3.18.1.4.0 "public"
iso.3.6.1.6.3.1.1.4.3.0 iso.3.6.1.4.1.41717.10

---------------------------------------------------

-------------------NEW INSERTION-------------------

---------------------------------------------------

New trap received: Wed Jun  8 10:27:32 2016 for 
Host: <UNKNOWN>
IP: UDP: [10.1.0.154]:58318->[10.1.0.154]:50162
iso.3.6.1.2.1.1.3.0 0:1:30:45.58
iso.3.6.1.6.3.1.1.4.1.0 iso.3.6.1.4.1.41717.10.0.247
iso.3.6.1.4.1.41717.10.1 "banana"
iso.3.6.1.4.1.41717.10.2 3

The ip and status are banana and FAIL-3 
New Trap Inserted: banana,FAIL,1465374452
iso.3.6.1.6.3.18.1.3.0 10.1.0.124
iso.3.6.1.6.3.18.1.4.0 "public"
iso.3.6.1.6.3.1.1.4.3.0 iso.3.6.1.4.1.41717.10
sending FAIL trap

---------------------------------------------------

-------------------NEW INSERTION-------------------

---------------------------------------------------

New trap received: Wed Jun  8 10:27:53 2016 for 
Host: <UNKNOWN>
IP: UDP: [10.1.0.154]:44924->[10.1.0.154]:50162
iso.3.6.1.2.1.1.3.0 0:1:31:06.24
iso.3.6.1.6.3.1.1.4.1.0 iso.3.6.1.4.1.41717.10.0.247
iso.3.6.1.4.1.41717.10.1 "pear"
iso.3.6.1.4.1.41717.10.2 2

The ip and status are pear and DANGER-2 
New Trap Inserted: pear,DANGER,1465374473
iso.3.6.1.6.3.18.1.3.0 10.1.0.124
iso.3.6.1.6.3.18.1.4.0 "public"
iso.3.6.1.6.3.1.1.4.3.0 iso.3.6.1.4.1.41717.10

---------------------------------------------------

-------------------NEW INSERTION-------------------

---------------------------------------------------

New trap received: Wed Jun  8 10:28:05 2016 for 
Host: <UNKNOWN>
IP: UDP: [10.1.0.154]:46817->[10.1.0.154]:50162
iso.3.6.1.2.1.1.3.0 0:1:31:18.93
iso.3.6.1.6.3.1.1.4.1.0 iso.3.6.1.4.1.41717.10.0.247
iso.3.6.1.4.1.41717.10.1 "pineapple"
iso.3.6.1.4.1.41717.10.2 2

The ip and status are pineapple and DANGER-2 
New Trap Inserted: pineapple,DANGER,1465374485
iso.3.6.1.6.3.18.1.3.0 10.1.0.124
iso.3.6.1.6.3.18.1.4.0 "public"
iso.3.6.1.6.3.1.1.4.3.0 iso.3.6.1.4.1.41717.10
sending DANGER trap

---------------------------------------------------

-------------------NEW INSERTION-------------------

---------------------------------------------------

New trap received: Wed Jun  8 10:28:26 2016 for 
Host: <UNKNOWN>
IP: UDP: [10.1.0.154]:37348->[10.1.0.154]:50162
iso.3.6.1.2.1.1.3.0 0:1:31:39.72
iso.3.6.1.6.3.1.1.4.1.0 iso.3.6.1.4.1.41717.10.0.247
iso.3.6.1.4.1.41717.10.1 "banana"
iso.3.6.1.4.1.41717.10.2 0

The ip and status are banana and OK-0 
Existing Trap 
 Previous status:FAIL
 Previous time:1465374452
 Current status:OK
 Current time:1465374506
iso.3.6.1.6.3.18.1.3.0 10.1.0.124
iso.3.6.1.6.3.18.1.4.0 "public"
iso.3.6.1.6.3.1.1.4.3.0 iso.3.6.1.4.1.41717.10

---------------------------------------------------

-------------------NEW INSERTION-------------------

---------------------------------------------------

New trap received: Wed Jun  8 10:28:34 2016 for 
Host: <UNKNOWN>
IP: UDP: [10.1.0.154]:43029->[10.1.0.154]:50162
iso.3.6.1.2.1.1.3.0 0:1:31:48.04
iso.3.6.1.6.3.1.1.4.1.0 iso.3.6.1.4.1.41717.10.0.247
iso.3.6.1.4.1.41717.10.1 "banana"
iso.3.6.1.4.1.41717.10.2 2

The ip and status are banana and DANGER-2 
Existing Trap 
 Previous status:OK
 Previous time:1465374506
 Current status:DANGER
 Current time:1465374514
iso.3.6.1.6.3.18.1.3.0 10.1.0.124
iso.3.6.1.6.3.18.1.4.0 "public"
iso.3.6.1.6.3.1.1.4.3.0 iso.3.6.1.4.1.41717.10
sending DANGER trap

---------------------------------------------------

-------------------NEW INSERTION-------------------

---------------------------------------------------

New trap received: Wed Jun  8 10:28:45 2016 for 
Host: <UNKNOWN>
IP: UDP: [10.1.0.154]:52298->[10.1.0.154]:50162
iso.3.6.1.2.1.1.3.0 0:1:31:58.82
iso.3.6.1.6.3.1.1.4.1.0 iso.3.6.1.4.1.41717.10.0.247
iso.3.6.1.4.1.41717.10.1 "orange"
iso.3.6.1.4.1.41717.10.2 2

The ip and status are orange and DANGER-2 
Existing Trap 
 Previous status:OK
 Previous time:1465374345
 Current status:DANGER
 Current time:1465374525
iso.3.6.1.6.3.18.1.3.0 10.1.0.124
iso.3.6.1.6.3.18.1.4.0 "public"
iso.3.6.1.6.3.1.1.4.3.0 iso.3.6.1.4.1.41717.10
sending DANGER trap

---------------------------------------------------

-------------------NEW INSERTION-------------------

---------------------------------------------------

New trap received: Wed Jun  8 10:29:01 2016 for 
Host: <UNKNOWN>
IP: UDP: [10.1.0.154]:39653->[10.1.0.154]:50162
iso.3.6.1.2.1.1.3.0 0:1:32:14.48
iso.3.6.1.6.3.1.1.4.1.0 iso.3.6.1.4.1.41717.10.0.247
iso.3.6.1.4.1.41717.10.1 "apple"
iso.3.6.1.4.1.41717.10.2 3

The ip and status are apple and FAIL-3 
Existing Trap 
 Previous status:OK
 Previous time:1465374435
 Current status:FAIL
 Current time:1465374541
iso.3.6.1.6.3.18.1.3.0 10.1.0.124
iso.3.6.1.6.3.18.1.4.0 "public"
iso.3.6.1.6.3.1.1.4.3.0 iso.3.6.1.4.1.41717.10
sending FAIL trap

---------------------------------------------------

-------------------NEW INSERTION-------------------

---------------------------------------------------

New trap received: Wed Jun  8 10:29:20 2016 for 
Host: <UNKNOWN>
IP: UDP: [10.1.0.154]:45441->[10.1.0.154]:50162
iso.3.6.1.2.1.1.3.0 0:1:32:33.73
iso.3.6.1.6.3.1.1.4.1.0 iso.3.6.1.4.1.41717.10.0.247
iso.3.6.1.4.1.41717.10.1 "banana"
iso.3.6.1.4.1.41717.10.2 0

The ip and status are banana and OK-0 
Existing Trap 
 Previous status:DANGER
 Previous time:1465374514
 Current status:OK
 Current time:1465374560
iso.3.6.1.6.3.18.1.3.0 10.1.0.124
iso.3.6.1.6.3.18.1.4.0 "public"
iso.3.6.1.6.3.1.1.4.3.0 iso.3.6.1.4.1.41717.10

---------------------------------------------------

-------------------NEW INSERTION-------------------

---------------------------------------------------

New trap received: Wed Jun  8 10:29:30 2016 for 
Host: <UNKNOWN>
IP: UDP: [10.1.0.154]:60899->[10.1.0.154]:50162
iso.3.6.1.2.1.1.3.0 0:1:32:44.09
iso.3.6.1.6.3.1.1.4.1.0 iso.3.6.1.4.1.41717.10.0.247
iso.3.6.1.4.1.41717.10.1 "apple"
iso.3.6.1.4.1.41717.10.2 0

The ip and status are apple and OK-0 
Existing Trap 
 Previous status:FAIL
 Previous time:1465374541
 Current status:OK
 Current time:1465374570
iso.3.6.1.6.3.18.1.3.0 10.1.0.124
iso.3.6.1.6.3.18.1.4.0 "public"
iso.3.6.1.6.3.1.1.4.3.0 iso.3.6.1.4.1.41717.10

---------------------------------------------------

-------------------NEW INSERTION-------------------

---------------------------------------------------
